PRT1
105
209
4 0 8 (2048 1536 1184 ) (2048 1748.540039 1184 ) (2048 1748.540039 -480 ) (2048 1536 -480 ) 
4 0 1 (2617.379883 1536 576 ) (2617.379883 1536 1184 ) (2048 1536 1184 ) (2048 1536 576 ) 
4 1 9 (2048 1472 1184 ) (2048 1536 1184 ) (2048 1536 576 ) (2048 1472 576 ) 
4 1 3 (2176 1472 1184 ) (2048 1472 1184 ) (2048 1472 576 ) (2176 1472 576 ) 
4 1 2 (2617.379883 1472 576 ) (2617.379883 1472 1184 ) (2176 1472 1184 ) (2176 1472 576 ) 
4 2 4 (2617.379883 1024 1184 ) (2176 1024 1184 ) (2176 1024 -480 ) (2617.379883 1024 -480 ) 
4 2 3 (2176 1472 1184 ) (2176 1472 512 ) (2176 1024 512 ) (2176 1024 1184 ) 
4 3 10 (2048 1024 512 ) (2048 1024 1184 ) (2048 1472 1184 ) (2048 1472 512 ) 
4 3 5 (2176 1024 1184 ) (2048 1024 1184 ) (2048 1024 512 ) (2176 1024 512 ) 
4 4 6 (2176 0 -480 ) (2617.379883 0 -480 ) (2617.379883 0 1184 ) (2176 0 1184 ) 
4 4 5 (2176 0 512 ) (2176 0 1184 ) (2176 1024 1184 ) (2176 1024 512 ) 
4 5 17 (2048 0 512 ) (2048 0 1184 ) (2048 1024 1184 ) (2048 1024 512 ) 
4 5 7 (2048 0 1184 ) (2048 0 512 ) (2176 0 512 ) (2176 0 1184 ) 
4 6 23 (2617.379883 -1024 1184 ) (2176 -1024 1184 ) (2176 -1024 -480 ) (2617.379883 -1024 -480 ) 
4 6 7 (2176 -1024 512 ) (2176 -1024 1184 ) (2176 0 1184 ) (2176 0 512 ) 
4 7 24 (2176 -1024 1184 ) (2048 -1024 1184 ) (2048 -1024 512 ) (2176 -1024 512 ) 
4 7 18 (2048 -1024 512 ) (2048 -1024 1184 ) (2048 0 1184 ) (2048 0 512 ) 
4 8 11 (1024 1536 1184 ) (1024 1748.540039 1184 ) (1024 1748.540039 -480 ) (1024 1536 -480 ) 
4 8 9 (2048 1536 576 ) (2048 1536 1184 ) (1024 1536 1184 ) (1024 1536 576 ) 
4 9 12 (1024 1472 1184 ) (1024 1536 1184 ) (1024 1536 576 ) (1024 1472 576 ) 
4 9 10 (2048 1472 576 ) (2048 1472 1184 ) (1024 1472 1184 ) (1024 1472 576 ) 
4 10 17 (2048 1024 -480 ) (2048 1024 1184 ) (1024 1024 1184 ) (1024 1024 -480 ) 
4 10 13 (1024 1024 -480 ) (1024 1024 1184 ) (1024 1472 1184 ) (1024 1472 -480 ) 
4 11 14 (0 1536 1184 ) (0 1748.540039 1184 ) (0 1748.540039 -480 ) (0 1536 -480 ) 
4 11 12 (1024 1536 576 ) (1024 1536 1184 ) (0 1536 1184 ) (0 1536 576 ) 
4 12 15 (0 1472 1184 ) (0 1536 1184 ) (0 1536 576 ) (0 1472 576 ) 
4 12 13 (1024 1472 576 ) (1024 1472 1184 ) (0 1472 1184 ) (0 1472 576 ) 
4 13 19 (1024 1024 -480 ) (1024 1024 1184 ) (0 1024 1184 ) (0 1024 -480 ) 
4 13 16 (0 1024 -480 ) (0 1024 1184 ) (0 1472 1184 ) (0 1472 -480 ) 
4 14 47 (-1024 1536 1184 ) (-1024 1748.540039 1184 ) (-1024 1748.540039 -480 ) (-1024 1536 -480 ) 
4 14 15 (0 1536 576 ) (0 1536 1184 ) (-1024 1536 1184 ) (-1024 1536 576 ) 
4 15 48 (-1024 1472 1184 ) (-1024 1536 1184 ) (-1024 1536 576 ) (-1024 1472 576 ) 
4 15 16 (0 1472 576 ) (0 1472 1184 ) (-1024 1472 1184 ) (-1024 1472 576 ) 
4 16 49 (-1024 1024 -480 ) (-1024 1024 1184 ) (-1024 1472 1184 ) (-1024 1472 -480 ) 
4 16 20 (0 1024 -480 ) (0 1024 1184 ) (-1024 1024 1184 ) (-1024 1024 -480 ) 
4 17 19 (1024 1024 1184 ) (1024 1024 -480 ) (1024 0 -480 ) (1024 0 1184 ) 
4 17 18 (2048 0 -480 ) (2048 0 1184 ) (1024 0 1184 ) (1024 0 -480 ) 
4 18 32 (2048 -1024 -480 ) (2048 -1024 1184 ) (1024 -1024 1184 ) (1024 -1024 -480 ) 
4 18 21 (1024 -1024 -480 ) (1024 -1024 1184 ) (1024 0 1184 ) (1024 0 -480 ) 
4 19 21 (1024 0 -480 ) (1024 0 1184 ) (0 0 1184 ) (0 0 -480 ) 
4 19 20 (0 1024 1184 ) (0 1024 -480 ) (0 0 -480 ) (0 0 1184 ) 
4 20 56 (-1024 0 -480 ) (-1024 0 1184 ) (-1024 1024 1184 ) (-1024 1024 -480 ) 
4 20 22 (0 0 -480 ) (0 0 1184 ) (-1024 0 1184 ) (-1024 0 -480 ) 
4 21 34 (1024 -1024 -480 ) (1024 -1024 1184 ) (0 -1024 1184 ) (0 -1024 -480 ) 
4 21 22 (0 0 1184 ) (0 0 -480 ) (0 -1024 -480 ) (0 -1024 1184 ) 
4 22 57 (-1024 -1024 -480 ) (-1024 -1024 1184 ) (-1024 0 1184 ) (-1024 0 -480 ) 
4 22 35 (0 -1024 -480 ) (0 -1024 1184 ) (-1024 -1024 1184 ) (-1024 -1024 -480 ) 
4 23 25 (2176 -2048 -480 ) (2617.379883 -2048 -480 ) (2617.379883 -2048 1184 ) (2176 -2048 1184 ) 
4 23 24 (2176 -2048 512 ) (2176 -2048 1184 ) (2176 -1024 1184 ) (2176 -1024 512 ) 
4 24 32 (2048 -1024 1184 ) (2048 -1024 512 ) (2048 -2048 512 ) (2048 -2048 1184 ) 
4 24 26 (2048 -2048 1184 ) (2048 -2048 512 ) (2176 -2048 512 ) (2176 -2048 1184 ) 
4 25 28 (2176 -3072 576 ) (2176 -3072 -480 ) (2617.379883 -3072 -480 ) (2617.379883 -3072 576 ) 
4 25 27 (2617.379883 -3072 1184 ) (2176 -3072 1184 ) (2176 -3072 576 ) (2617.379883 -3072 576 ) 
4 25 26 (2176 -3072 512 ) (2176 -3072 1184 ) (2176 -2048 1184 ) (2176 -2048 512 ) 
4 26 33 (2048 -3072 512 ) (2048 -3072 1184 ) (2048 -2048 1184 ) (2048 -2048 512 ) 
4 26 29 (2048 -3072 576 ) (2048 -3072 512 ) (2176 -3072 512 ) (2176 -3072 576 ) 
4 26 27 (2176 -3072 1184 ) (2048 -3072 1184 ) (2048 -3072 576 ) (2176 -3072 576 ) 
4 27 39 (2048 -3904 1184 ) (2048 -3584 1184 ) (2048 -3584 576 ) (2048 -3904 576 ) 
4 27 38 (2048 -3584 1184 ) (2048 -3072 1184 ) (2048 -3072 576 ) (2048 -3584 576 ) 
4 27 40 (2048 -3988.540039 1184 ) (2048 -3904 1184 ) (2048 -3904 576 ) (2048 -3988.540039 576 ) 
4 27 31 (2176 -3988.540039 576 ) (2048 -3988.540039 576 ) (2048 -3904 576 ) (2176 -3904 576 ) 
4 27 30 (2617.379883 -3988.540039 576 ) (2176 -3988.540039 576 ) (2176 -3904 576 ) (2617.379883 -3904 576 ) 
4 27 29 (2048 -3584 576 ) (2048 -3072 576 ) (2176 -3072 576 ) (2176 -3584 576 ) 
4 27 28 (2176 -3072 576 ) (2617.379883 -3072 576 ) (2617.379883 -3584 576 ) (2176 -3584 576 ) 
4 28 29 (2176 -3584 512 ) (2176 -3584 576 ) (2176 -3072 576 ) (2176 -3072 512 ) 
4 29 38 (2048 -3072 576 ) (2048 -3072 512 ) (2048 -3584 512 ) (2048 -3584 576 ) 
4 30 31 (2176 -3904 576 ) (2176 -3904 512 ) (2176 -3988.540039 512 ) (2176 -3988.540039 576 ) 
4 31 40 (2048 -3988.540039 512 ) (2048 -3988.540039 576 ) (2048 -3904 576 ) (2048 -3904 512 ) 
4 32 34 (1024 -1024 1184 ) (1024 -1024 -480 ) (1024 -2048 -480 ) (1024 -2048 1184 ) 
4 32 33 (2048 -2048 -480 ) (2048 -2048 1184 ) (1024 -2048 1184 ) (1024 -2048 -480 ) 
4 33 38 (2048 -3072 -480 ) (2048 -3072 1184 ) (1024 -3072 1184 ) (1024 -3072 -480 ) 
4 33 36 (1024 -3072 -480 ) (1024 -3072 1184 ) (1024 -2048 1184 ) (1024 -2048 -480 ) 
4 34 36 (1024 -2048 -480 ) (1024 -2048 1184 ) (0 -2048 1184 ) (0 -2048 -480 ) 
4 34 35 (0 -1024 1184 ) (0 -1024 -480 ) (0 -2048 -480 ) (0 -2048 1184 ) 
4 35 76 (-1024 -2048 -480 ) (-1024 -2048 1184 ) (-1024 -1024 1184 ) (-1024 -1024 -480 ) 
4 35 37 (0 -2048 -480 ) (0 -2048 1184 ) (-1024 -2048 1184 ) (-1024 -2048 -480 ) 
4 36 41 (1024 -3072 -480 ) (1024 -3072 1184 ) (0 -3072 1184 ) (0 -3072 -480 ) 
4 36 37 (0 -2048 1184 ) (0 -2048 -480 ) (0 -3072 -480 ) (0 -3072 1184 ) 
4 37 77 (-1024 -3072 -480 ) (-1024 -3072 1184 ) (-1024 -2048 1184 ) (-1024 -2048 -480 ) 
4 37 44 (0 -3072 -480 ) (0 -3072 1184 ) (-1024 -3072 1184 ) (-1024 -3072 -480 ) 
4 38 41 (1024 -3072 1184 ) (1024 -3072 -480 ) (1024 -3584 -480 ) (1024 -3584 1184 ) 
4 38 39 (2048 -3584 576 ) (2048 -3584 1184 ) (1024 -3584 1184 ) (1024 -3584 576 ) 
4 39 42 (1024 -3904 576 ) (1024 -3904 1184 ) (1024 -3584 1184 ) (1024 -3584 576 ) 
4 39 40 (2048 -3904 576 ) (2048 -3904 1184 ) (1024 -3904 1184 ) (1024 -3904 576 ) 
4 40 43 (1024 -3904 -480 ) (1024 -3988.540039 -480 ) (1024 -3988.540039 1184 ) (1024 -3904 1184 ) 
4 41 44 (0 -3072 1184 ) (0 -3072 -480 ) (0 -3584 -480 ) (0 -3584 1184 ) 
4 41 42 (1024 -3584 576 ) (1024 -3584 1184 ) (0 -3584 1184 ) (0 -3584 576 ) 
4 42 45 (0 -3904 576 ) (0 -3904 1184 ) (0 -3584 1184 ) (0 -3584 576 ) 
4 42 43 (1024 -3904 576 ) (1024 -3904 1184 ) (0 -3904 1184 ) (0 -3904 576 ) 
4 43 46 (0 -3904 -480 ) (0 -3988.540039 -480 ) (0 -3988.540039 1184 ) (0 -3904 1184 ) 
4 44 82 (-1024 -3584 1184 ) (-1024 -3072 1184 ) (-1024 -3072 -480 ) (-1024 -3584 -480 ) 
4 44 45 (0 -3584 576 ) (0 -3584 1184 ) (-1024 -3584 1184 ) (-1024 -3584 576 ) 
4 45 83 (-1024 -3904 1184 ) (-1024 -3584 1184 ) (-1024 -3584 576 ) (-1024 -3904 576 ) 
4 45 46 (0 -3904 576 ) (0 -3904 1184 ) (-1024 -3904 1184 ) (-1024 -3904 576 ) 
4 46 84 (-1024 -3988.540039 1184 ) (-1024 -3904 1184 ) (-1024 -3904 -480 ) (-1024 -3988.540039 -480 ) 
4 47 50 (-2048 1536 1184 ) (-2048 1748.540039 1184 ) (-2048 1748.540039 -480 ) (-2048 1536 -480 ) 
4 47 48 (-1024 1536 576 ) (-1024 1536 1184 ) (-2048 1536 1184 ) (-2048 1536 576 ) 
4 48 51 (-2048 1472 1184 ) (-2048 1536 1184 ) (-2048 1536 576 ) (-2048 1472 576 ) 
4 48 49 (-1024 1472 576 ) (-1024 1472 1184 ) (-2048 1472 1184 ) (-2048 1472 576 ) 
4 49 56 (-1024 1024 -480 ) (-1024 1024 1184 ) (-2048 1024 1184 ) (-2048 1024 -480 ) 
4 49 52 (-2048 1024 -480 ) (-2048 1024 1184 ) (-2048 1472 1184 ) (-2048 1472 -480 ) 
4 50 53 (-3072 1536 1184 ) (-3072 1748.540039 1184 ) (-3072 1748.540039 -480 ) (-3072 1536 -480 ) 
4 50 51 (-2048 1536 576 ) (-2048 1536 1184 ) (-3072 1536 1184 ) (-3072 1536 576 ) 
4 51 54 (-3072 1472 1184 ) (-3072 1536 1184 ) (-3072 1536 576 ) (-3072 1472 576 ) 
4 51 52 (-2048 1472 576 ) (-2048 1472 1184 ) (-3072 1472 1184 ) (-3072 1472 576 ) 
4 52 58 (-2048 1024 -480 ) (-2048 1024 1184 ) (-3072 1024 1184 ) (-3072 1024 -480 ) 
4 52 55 (-3072 1024 -480 ) (-3072 1024 1184 ) (-3072 1472 1184 ) (-3072 1472 -480 ) 
4 53 62 (-4096 1536 1184 ) (-4096 1748.540039 1184 ) (-4096 1748.540039 -480 ) (-4096 1536 -480 ) 
4 53 54 (-3072 1536 576 ) (-3072 1536 1184 ) (-4096 1536 1184 ) (-4096 1536 576 ) 
4 54 63 (-4096 1472 1184 ) (-4096 1536 1184 ) (-4096 1536 576 ) (-4096 1472 576 ) 
4 54 55 (-3072 1472 576 ) (-3072 1472 1184 ) (-4096 1472 1184 ) (-4096 1472 576 ) 
4 55 64 (-4096 1024 -480 ) (-4096 1024 1184 ) (-4096 1472 1184 ) (-4096 1472 -480 ) 
4 55 59 (-3072 1024 -480 ) (-3072 1024 1184 ) (-4096 1024 1184 ) (-4096 1024 -480 ) 
4 56 58 (-2048 1024 1184 ) (-2048 1024 -480 ) (-2048 0 -480 ) (-2048 0 1184 ) 
4 56 57 (-1024 0 -480 ) (-1024 0 1184 ) (-2048 0 1184 ) (-2048 0 -480 ) 
4 57 76 (-1024 -1024 -480 ) (-1024 -1024 1184 ) (-2048 -1024 1184 ) (-2048 -1024 -480 ) 
4 57 60 (-2048 -1024 -480 ) (-2048 -1024 1184 ) (-2048 0 1184 ) (-2048 0 -480 ) 
4 58 60 (-2048 0 -480 ) (-2048 0 1184 ) (-3072 0 1184 ) (-3072 0 -480 ) 
4 58 59 (-3072 1024 1184 ) (-3072 1024 -480 ) (-3072 0 -480 ) (-3072 0 1184 ) 
4 59 71 (-4096 0 -480 ) (-4096 0 640 ) (-4096 1024 640 ) (-4096 1024 -480 ) 
4 59 70 (-4096 0 640 ) (-4096 0 1184 ) (-4096 1024 1184 ) (-4096 1024 640 ) 
4 59 61 (-3072 0 -480 ) (-3072 0 1184 ) (-4096 0 1184 ) (-4096 0 -480 ) 
4 60 78 (-2048 -1024 -480 ) (-2048 -1024 1184 ) (-3072 -1024 1184 ) (-3072 -1024 -480 ) 
4 60 61 (-3072 0 1184 ) (-3072 0 -480 ) (-3072 -1024 -480 ) (-3072 -1024 1184 ) 
4 61 79 (-3072 -1024 -480 ) (-3072 -1024 1184 ) (-4096 -1024 1184 ) (-4096 -1024 -480 ) 
4 61 73 (-4096 -1024 -480 ) (-4096 -1024 640 ) (-4096 0 640 ) (-4096 0 -480 ) 
4 61 72 (-4096 -1024 640 ) (-4096 -1024 1184 ) (-4096 0 1184 ) (-4096 0 640 ) 
4 62 66 (-4992 1536 640 ) (-4992 1536 1184 ) (-4992 1664 1184 ) (-4992 1664 640 ) 
4 62 65 (-4992 1748.540039 -480 ) (-4992 1664 -480 ) (-4992 1664 1184 ) (-4992 1748.540039 1184 ) 
4 62 63 (-4992 1536 1184 ) (-4992 1536 576 ) (-4096 1536 576 ) (-4096 1536 1184 ) 
4 63 66 (-4992 1472 640 ) (-4992 1472 1184 ) (-4992 1536 1184 ) (-4992 1536 640 ) 
4 63 64 (-4992 1472 1184 ) (-4992 1472 576 ) (-4096 1472 576 ) (-4096 1472 1184 ) 
4 64 71 (-4096 1024 -480 ) (-4096 1024 640 ) (-4992 1024 640 ) (-4992 1024 -480 ) 
4 64 70 (-4096 1024 640 ) (-4096 1024 1184 ) (-4992 1024 1184 ) (-4992 1024 640 ) 
4 64 66 (-4992 1024 640 ) (-4992 1024 1184 ) (-4992 1472 1184 ) (-4992 1472 640 ) 
4 65 67 (-5120 1664 1184 ) (-5120 1748.540039 1184 ) (-5120 1748.540039 -480 ) (-5120 1664 -480 ) 
4 65 66 (-4992 1664 640 ) (-4992 1664 1184 ) (-5120 1664 1184 ) (-5120 1664 640 ) 
4 66 70 (-4992 1024 1184 ) (-5120 1024 1184 ) (-5120 1024 640 ) (-4992 1024 640 ) 
4 66 68 (-5120 1472 1184 ) (-5120 1536 1184 ) (-5120 1536 640 ) (-5120 1472 640 ) 
4 66 69 (-5120 1024 640 ) (-5120 1024 1184 ) (-5120 1472 1184 ) (-5120 1472 640 ) 
4 66 67 (-5120 1536 1184 ) (-5120 1664 1184 ) (-5120 1664 640 ) (-5120 1536 640 ) 
4 67 68 (-5433.379883 1536 1184 ) (-5433.379883 1536 576 ) (-5120 1536 576 ) (-5120 1536 1184 ) 
4 68 69 (-5433.379883 1472 1184 ) (-5433.379883 1472 576 ) (-5120 1472 576 ) (-5120 1472 1184 ) 
4 69 74 (-5120 1024 -480 ) (-5120 1024 1184 ) (-5433.379883 1024 1184 ) (-5433.379883 1024 -480 ) 
4 70 74 (-5120 1024 1184 ) (-5120 1024 640 ) (-5120 0 640 ) (-5120 0 1184 ) 
4 70 72 (-4096 0 640 ) (-4096 0 1184 ) (-5120 0 1184 ) (-5120 0 640 ) 
4 70 71 (-4096 0 640 ) (-4992 0 640 ) (-4992 1024 640 ) (-4096 1024 640 ) 
4 71 73 (-4096 0 -480 ) (-4096 0 640 ) (-4992 0 640 ) (-4992 0 -480 ) 
4 72 91 (-4096 -1024 640 ) (-4096 -1024 1184 ) (-5120 -1024 1184 ) (-5120 -1024 640 ) 
4 72 75 (-5120 -1024 640 ) (-5120 -1024 1184 ) (-5120 0 1184 ) (-5120 0 640 ) 
4 72 73 (-4096 0 640 ) (-4096 -1024 640 ) (-4992 -1024 640 ) (-4992 0 640 ) 
4 73 92 (-4096 -1024 -480 ) (-4096 -1024 640 ) (-4992 -1024 640 ) (-4992 -1024 -480 ) 
4 74 75 (-5120 0 -480 ) (-5120 0 1184 ) (-5433.379883 0 1184 ) (-5433.379883 0 -480 ) 
4 75 95 (-5120 -1024 -480 ) (-5120 -1024 1184 ) (-5433.379883 -1024 1184 ) (-5433.379883 -1024 -480 ) 
4 76 78 (-2048 -1024 1184 ) (-2048 -1024 -480 ) (-2048 -2048 -480 ) (-2048 -2048 1184 ) 
4 76 77 (-1024 -2048 -480 ) (-1024 -2048 1184 ) (-2048 -2048 1184 ) (-2048 -2048 -480 ) 
4 77 82 (-1024 -3072 -480 ) (-1024 -3072 1184 ) (-2048 -3072 1184 ) (-2048 -3072 -480 ) 
4 77 80 (-2048 -3072 -480 ) (-2048 -3072 1184 ) (-2048 -2048 1184 ) (-2048 -2048 -480 ) 
4 78 80 (-2048 -2048 -480 ) (-2048 -2048 1184 ) (-3072 -2048 1184 ) (-3072 -2048 -480 ) 
4 78 79 (-3072 -1024 1184 ) (-3072 -1024 -480 ) (-3072 -2048 -480 ) (-3072 -2048 1184 ) 
4 79 92 (-4096 -1024 640 ) (-4096 -1024 -480 ) (-4096 -2048 -480 ) (-4096 -2048 640 ) 
4 79 91 (-4096 -1024 1184 ) (-4096 -1024 640 ) (-4096 -2048 640 ) (-4096 -2048 1184 ) 
4 79 81 (-3072 -2048 -480 ) (-3072 -2048 1184 ) (-4096 -2048 1184 ) (-4096 -2048 -480 ) 
4 80 85 (-2048 -3072 -480 ) (-2048 -3072 1184 ) (-3072 -3072 1184 ) (-3072 -3072 -480 ) 
4 80 81 (-3072 -2048 1184 ) (-3072 -2048 -480 ) (-3072 -3072 -480 ) (-3072 -3072 1184 ) 
4 81 94 (-4096 -3072 -480 ) (-4096 -3072 640 ) (-4096 -2048 640 ) (-4096 -2048 -480 ) 
4 81 93 (-4096 -3072 640 ) (-4096 -3072 1184 ) (-4096 -2048 1184 ) (-4096 -2048 640 ) 
4 81 88 (-3072 -3072 -480 ) (-3072 -3072 1184 ) (-4096 -3072 1184 ) (-4096 -3072 -480 ) 
4 82 85 (-2048 -3072 1184 ) (-2048 -3072 -480 ) (-2048 -3584 -480 ) (-2048 -3584 1184 ) 
4 82 83 (-1024 -3584 576 ) (-1024 -3584 1184 ) (-2048 -3584 1184 ) (-2048 -3584 576 ) 
4 83 86 (-2048 -3904 576 ) (-2048 -3904 1184 ) (-2048 -3584 1184 ) (-2048 -3584 576 ) 
4 83 84 (-1024 -3904 576 ) (-1024 -3904 1184 ) (-2048 -3904 1184 ) (-2048 -3904 576 ) 
4 84 87 (-2048 -3904 -480 ) (-2048 -3988.540039 -480 ) (-2048 -3988.540039 1184 ) (-2048 -3904 1184 ) 
4 85 88 (-3072 -3072 1184 ) (-3072 -3072 -480 ) (-3072 -3584 -480 ) (-3072 -3584 1184 ) 
4 85 86 (-2048 -3584 576 ) (-2048 -3584 1184 ) (-3072 -3584 1184 ) (-3072 -3584 576 ) 
4 86 89 (-3072 -3904 576 ) (-3072 -3904 1184 ) (-3072 -3584 1184 ) (-3072 -3584 576 ) 
4 86 87 (-2048 -3904 576 ) (-2048 -3904 1184 ) (-3072 -3904 1184 ) (-3072 -3904 576 ) 
4 87 90 (-3072 -3904 -480 ) (-3072 -3988.540039 -480 ) (-3072 -3988.540039 1184 ) (-3072 -3904 1184 ) 
4 88 98 (-4096 -3072 640 ) (-4096 -3072 -480 ) (-4096 -3584 -480 ) (-4096 -3584 640 ) 
4 88 97 (-4096 -3584 1184 ) (-4096 -3072 1184 ) (-4096 -3072 640 ) (-4096 -3584 640 ) 
4 88 89 (-3072 -3584 576 ) (-3072 -3584 1184 ) (-4096 -3584 1184 ) (-4096 -3584 576 ) 
4 89 99 (-4096 -3584 640 ) (-4096 -3584 576 ) (-4096 -3904 576 ) (-4096 -3904 640 ) 
4 89 97 (-4096 -3904 1184 ) (-4096 -3584 1184 ) (-4096 -3584 640 ) (-4096 -3904 640 ) 
4 89 90 (-3072 -3904 576 ) (-3072 -3904 1184 ) (-4096 -3904 1184 ) (-4096 -3904 576 ) 
4 90 101 (-4096 -3988.540039 1184 ) (-4096 -3904 1184 ) (-4096 -3904 -480 ) (-4096 -3988.540039 -480 ) 
4 91 95 (-5120 -1024 1184 ) (-5120 -1024 640 ) (-5120 -2048 640 ) (-5120 -2048 1184 ) 
4 91 93 (-4096 -2048 640 ) (-4096 -2048 1184 ) (-5120 -2048 1184 ) (-5120 -2048 640 ) 
4 91 92 (-4096 -2048 640 ) (-4992 -2048 640 ) (-4992 -1024 640 ) (-4096 -1024 640 ) 
4 92 94 (-4096 -2048 -480 ) (-4096 -2048 640 ) (-4992 -2048 640 ) (-4992 -2048 -480 ) 
4 93 97 (-4096 -3072 640 ) (-4096 -3072 1184 ) (-5120 -3072 1184 ) (-5120 -3072 640 ) 
4 93 96 (-5120 -3072 640 ) (-5120 -3072 1184 ) (-5120 -2048 1184 ) (-5120 -2048 640 ) 
4 93 94 (-4096 -3072 640 ) (-4992 -3072 640 ) (-4992 -2048 640 ) (-4096 -2048 640 ) 
4 94 98 (-4096 -3072 -480 ) (-4096 -3072 640 ) (-4992 -3072 640 ) (-4992 -3072 -480 ) 
4 95 96 (-5120 -2048 -480 ) (-5120 -2048 1184 ) (-5433.379883 -2048 1184 ) (-5433.379883 -2048 -480 ) 
4 96 102 (-5120 -3072 -480 ) (-5120 -3072 1184 ) (-5433.379883 -3072 1184 ) (-5433.379883 -3072 -480 ) 
4 97 103 (-5120 -3584 640 ) (-5120 -3904 640 ) (-5120 -3904 1184 ) (-5120 -3584 1184 ) 
4 97 102 (-5120 -3072 1184 ) (-5120 -3072 640 ) (-5120 -3584 640 ) (-5120 -3584 1184 ) 
4 97 100 (-4992 -3904 640 ) (-5120 -3904 640 ) (-5120 -3840 640 ) (-4992 -3840 640 ) 
4 97 99 (-4096 -3904 640 ) (-4992 -3904 640 ) (-4992 -3584 640 ) (-4096 -3584 640 ) 
4 97 98 (-4992 -3072 640 ) (-4096 -3072 640 ) (-4096 -3584 640 ) (-4992 -3584 640 ) 
4 97 101 (-4096 -3904 640 ) (-4096 -3904 1184 ) (-5120 -3904 1184 ) (-5120 -3904 640 ) 
4 98 99 (-4096 -3584 576 ) (-4096 -3584 640 ) (-4992 -3584 640 ) (-4992 -3584 576 ) 
4 99 100 (-4992 -3840 576 ) (-4992 -3904 576 ) (-4992 -3904 640 ) (-4992 -3840 640 ) 
4 99 101 (-4096 -3904 576 ) (-4096 -3904 640 ) (-4992 -3904 640 ) (-4992 -3904 576 ) 
4 100 103 (-5120 -3904 576 ) (-5120 -3904 640 ) (-5120 -3840 640 ) (-5120 -3840 576 ) 
4 100 101 (-4992 -3904 576 ) (-4992 -3904 640 ) (-5120 -3904 640 ) (-5120 -3904 576 ) 
4 101 104 (-5120 -3904 -480 ) (-5120 -3988.540039 -480 ) (-5120 -3988.540039 1184 ) (-5120 -3904 1184 ) 
4 102 103 (-5120 -3584 576 ) (-5120 -3584 1184 ) (-5433.379883 -3584 1184 ) (-5433.379883 -3584 576 ) 
4 103 104 (-5120 -3904 576 ) (-5120 -3904 1184 ) (-5433.379883 -3904 1184 ) (-5433.379883 -3904 576 ) 
