


materialPath: C:\Program Files (x86)\Steam\steamapps\sourcemods\experiments\materials
Loading C:\Users\user\Downloads\Wa2.vmf
fixing up env_cubemap materials on brush sides...
0...1...2...3...4...5...6...7...8...9...100...1...2...3...4...5...6...7...8...9...10Processing areas...done (0)
Building Faces...done (0)
FixTjuncs...
PruneNodes...
WriteBSP...
done (0)
writing C:\Users\user\Downloads\Wa2.prt...Building visibility clusters...
done (0)
Finding displacement neighbors...
Finding lightmap sample positions...
Displacement Alpha : 0...1...2...3...4...5...6...7...8...9...10
Building Physics collision data...
done (0) (2299 bytes)
Placing static props...
Placing detail props : 0...1...2...3...4...5...6...7...8...9...10
Compacting texture/material tables...
Reduced 4 texinfos to 2
Reduced 2 texdatas to 2 (40 bytes to 40)
Writing C:\Users\user\Downloads\Wa2.bsp
0 seconds elapsed



8 threads
reading c:\users\user\downloads\Wa2.bsp
reading c:\users\user\downloads\Wa2.prt
  20 portalclusters
  31 numportals
0...1...2...3...4...5...6...7...8...9...100...1...2...3...4...5...6...7...8...9...10Optimized: 0 visible clusters (0.00%)
Total clusters visible: 400
Average clusters visible: 20
Building PAS...
Average clusters audible: 20
visdatasize:284  compressed from 320
writing c:\users\user\downloads\Wa2.bsp
0 seconds elapsed



Could not find lights.rad in lights.rad.
Trying VRAD BIN directory instead...
Warning: Couldn't open texlight file C:\Program Files (x86)\Steam\steamapps\common\source sdk base 2013 singleplayer\bin\lights.rad.
Loading c:\users\user\downloads\Wa2.bsp
158 faces
395946 square feet [57016320.00 square inches]
0 Displacements
0 Square Feet [0.00 Square Inches]
158 patches before subdivision
8722 patches after subdivision
0 direct lights
0...1...2...3...4...5...6...7...8...9...100...1...2...3...4...5...6...7...8...9...10transfers 5312, max 161
transfer lists:   0.0 megs
0...1...2...3...4...5...6...7...8...9...10	Bounce #1 added RGB(0, 0, 0)
Build Patch/Sample Hash Table(s).....Done<0.0091 sec>
0...1...2...3...4...5...6...7...8...9...10FinalLightFace Done
0 of 0 (0% of) surface lights went in leaf ambient cubes.
0...1...2...3...4...5...6...7...8...9...10Writing leaf ambient...done
Ready to Finish

Object names       Objects/Maxobjs  Memory / Maxmem  Fullness 
------------       ---------------  ---------------  -------- 
models                   1/4096           48/196608   ( 0.0%) 
brushes                  6/32768          72/393216   ( 0.0%) 
brushsides              36/65536         288/524288   ( 0.1%) 
planes                  50/65536        1000/1310720  ( 0.1%) 
vertexes               190/65536        2280/786432   ( 0.3%) 
nodes                   90/65536        2880/2097152  ( 0.1%) 
texinfos                 2/12288         144/884736   ( 0.0%) 
texdata                  2/2048           64/65536    ( 0.1%) 
dispinfos                0/0               0/0        ( 0.0%) 
disp_verts               0/0               0/0        ( 0.0%) 
disp_tris                0/0               0/0        ( 0.0%) 
disp_lmsamples           0/0               0/0        ( 0.0%) 
faces                  158/65536        8848/3670016  ( 0.2%) 
hdr faces              158/65536        8848/3670016  ( 0.2%) 
origfaces                6/65536         336/3670016  ( 0.0%) 
leaves                  92/65536        2944/2097152  ( 0.1%) 
leaffaces              158/65536         316/131072   ( 0.2%) 
leafbrushes             58/65536         116/131072   ( 0.1%) 
areas                    2/1024           16/8192     ( 0.2%) 
surfedges              682/512000       2728/2048000  ( 0.1%) 
edges                  354/256000       1416/1024000  ( 0.1%) 
LDR worldlights          0/16384           0/1441792  ( 0.0%) 
HDR worldlights          0/16384           0/1441792  ( 0.0%) 
leafwaterdata            0/32768           0/393216   ( 0.0%) 
waterstrips              0/131072          0/1310720  ( 0.0%) 
waterverts               0/131072          0/1572864  ( 0.0%) 
waterindices             0/131072          0/262144   ( 0.0%) 
cubemapsamples           0/1024            0/16384    ( 0.0%) 
overlays                 0/1024            0/360448   ( 0.0%) 
LDR lightdata         [variable]           0/0        ( 0.0%) 
HDR lightdata         [variable]      273292/0        ( 0.0%) 
visdata               [variable]         284/16777216 ( 0.0%) 
entdata               [variable]         394/393216   ( 0.1%) 
LDR ambient table       92/65536         368/262144   ( 0.1%) 
HDR ambient table       92/65536         368/262144   ( 0.1%) 
LDR leaf ambient        92/65536        2576/1835008  ( 0.1%) 
HDR leaf ambient        20/65536         560/1835008  ( 0.0%) 
occluders                0/0               0/0        ( 0.0%) 
occluder polygons        0/0               0/0        ( 0.0%) 
occluder vert ind        0/0               0/0        ( 0.0%) 
detail props          [variable]           1/12       ( 8.3%) 
static props          [variable]           1/12       ( 8.3%) 
pakfile               [variable]          54/0        ( 0.0%) 
physics               [variable]        2299/4194304  ( 0.1%) 
physics terrain       [variable]           2/1048576  ( 0.0%) 

Level flags = 2

Total triangle count: 342
Writing c:\users\user\downloads\Wa2.bsp
0 seconds elapsed



materialPath: C:\Program Files (x86)\Steam\steamapps\sourcemods\experiments\materials
Loading C:\Users\user\Downloads\Wa2.vmf
fixing up env_cubemap materials on brush sides...
0...1...2...3...4...5...6...7...8...9...100...1...2...3...4...5...6...7...8...9...10Processing areas...done (0)
Building Faces...done (0)
FixTjuncs...
PruneNodes...
WriteBSP...
done (0)
writing C:\Users\user\Downloads\Wa2.prt...Building visibility clusters...
done (0)
Finding displacement neighbors...
Finding lightmap sample positions...
Displacement Alpha : 0...1...2...3...4...5...6...7...8...9...10
Building Physics collision data...
done (0) (2299 bytes)
Placing static props...
Placing detail props : 0...1...2...3...4...5...6...7...8...9...10
Compacting texture/material tables...
Reduced 4 texinfos to 2
Reduced 2 texdatas to 2 (40 bytes to 40)
Writing C:\Users\user\Downloads\Wa2.bsp
0 seconds elapsed



8 threads
reading c:\users\user\downloads\Wa2.bsp
reading c:\users\user\downloads\Wa2.prt
 110 portalclusters
 199 numportals
0...1...2...3...4...5...6...7...8...9...100...1...2...3...4...5...6...7...8...9...10Optimized: 0 visible clusters (0.00%)
Total clusters visible: 12100
Average clusters visible: 110
Building PAS...
Average clusters audible: 110
visdatasize:3964  compressed from 3520
writing c:\users\user\downloads\Wa2.bsp
0 seconds elapsed



Could not find lights.rad in lights.rad.
Trying VRAD BIN directory instead...
Warning: Couldn't open texlight file C:\Program Files (x86)\Steam\steamapps\common\source sdk base 2013 singleplayer\bin\lights.rad.
Loading c:\users\user\downloads\Wa2.bsp
989 faces
1798504 square feet [258984592.00 square inches]
0 Displacements
0 Square Feet [0.00 Square Inches]
989 patches before subdivision
53705 patches after subdivision
0 direct lights
0...1...2...3...4...5...6...7...8...9...100...1...2...3...4...5...6...7...8...9...10transfers 129846, max 879
transfer lists:   1.0 megs
0...1...2...3...4...5...6...7...8...9...10	Bounce #1 added RGB(0, 0, 0)
Build Patch/Sample Hash Table(s).....Done<0.0434 sec>
0...1...2...3...4...5...6...7...8...9...10FinalLightFace Done
0 of 0 (0% of) surface lights went in leaf ambient cubes.
0...1...2...3...4...5...6...7...8...9...10Writing leaf ambient...done
Ready to Finish

Object names       Objects/Maxobjs  Memory / Maxmem  Fullness 
------------       ---------------  ---------------  -------- 
models                   1/4096           48/196608   ( 0.0%) 
brushes                  6/32768          72/393216   ( 0.0%) 
brushsides              36/65536         288/524288   ( 0.1%) 
planes                  72/65536        1440/1310720  ( 0.1%) 
vertexes              1045/65536       12540/786432   ( 1.6%) 
nodes                  400/65536       12800/2097152  ( 0.6%) 
texinfos                 2/12288         144/884736   ( 0.0%) 
texdata                  2/2048           64/65536    ( 0.1%) 
dispinfos                0/0               0/0        ( 0.0%) 
disp_verts               0/0               0/0        ( 0.0%) 
disp_tris                0/0               0/0        ( 0.0%) 
disp_lmsamples           0/0               0/0        ( 0.0%) 
faces                  989/65536       55384/3670016  ( 1.5%) 
hdr faces              989/65536       55384/3670016  ( 1.5%) 
origfaces                6/65536         336/3670016  ( 0.0%) 
leaves                 402/65536       12864/2097152  ( 0.6%) 
leaffaces              989/65536        1978/131072   ( 1.5%) 
leafbrushes            262/65536         524/131072   ( 0.4%) 
areas                    2/1024           16/8192     ( 0.2%) 
surfedges             4054/512000      16216/2048000  ( 0.8%) 
edges                 2040/256000       8160/1024000  ( 0.8%) 
LDR worldlights          0/16384           0/1441792  ( 0.0%) 
HDR worldlights          0/16384           0/1441792  ( 0.0%) 
leafwaterdata            0/32768           0/393216   ( 0.0%) 
waterstrips              0/131072          0/1310720  ( 0.0%) 
waterverts               0/131072          0/1572864  ( 0.0%) 
waterindices             0/131072          0/262144   ( 0.0%) 
cubemapsamples           0/1024            0/16384    ( 0.0%) 
overlays                 0/1024            0/360448   ( 0.0%) 
LDR lightdata         [variable]           0/0        ( 0.0%) 
HDR lightdata         [variable]     1717780/0        ( 0.0%) 
visdata               [variable]        3964/16777216 ( 0.0%) 
entdata               [variable]         395/393216   ( 0.1%) 
LDR ambient table      402/65536        1608/262144   ( 0.6%) 
HDR ambient table      402/65536        1608/262144   ( 0.6%) 
LDR leaf ambient       402/65536       11256/1835008  ( 0.6%) 
HDR leaf ambient       110/65536        3080/1835008  ( 0.2%) 
occluders                0/0               0/0        ( 0.0%) 
occluder polygons        0/0               0/0        ( 0.0%) 
occluder vert ind        0/0               0/0        ( 0.0%) 
detail props          [variable]           1/12       ( 8.3%) 
static props          [variable]           1/12       ( 8.3%) 
pakfile               [variable]          54/0        ( 0.0%) 
physics               [variable]        2299/4194304  ( 0.1%) 
physics terrain       [variable]           2/1048576  ( 0.0%) 

Level flags = 2

Total triangle count: 2052
Writing c:\users\user\downloads\Wa2.bsp
3 seconds elapsed



materialPath: C:\Program Files (x86)\Steam\steamapps\sourcemods\experiments\materials
Loading C:\Users\user\Downloads\Wa2.vmf
fixing up env_cubemap materials on brush sides...
0...1...2...3...4...5...6...7...8...9...100...1...2...3...4...5...6...7...8...9...10Processing areas...done (0)
Building Faces...done (0)
FixTjuncs...
PruneNodes...
WriteBSP...
done (0)
writing C:\Users\user\Downloads\Wa2.prt...Building visibility clusters...
done (0)
Finding displacement neighbors...
Finding lightmap sample positions...
Displacement Alpha : 0...1...2...3...4...5...6...7...8...9...10
Building Physics collision data...
done (0) (2299 bytes)
Placing static props...
Placing detail props : 0...1...2...3...4...5...6...7...8...9...10
Compacting texture/material tables...
Reduced 4 texinfos to 2
Reduced 2 texdatas to 2 (40 bytes to 40)
Writing C:\Users\user\Downloads\Wa2.bsp
0 seconds elapsed



8 threads
reading c:\users\user\downloads\Wa2.bsp
reading c:\users\user\downloads\Wa2.prt
  54 portalclusters
  93 numportals
0...1...2...3...4...5...6...7...8...9...100...1...2...3...4...5...6...7...8...9...10Optimized: 0 visible clusters (0.00%)
Total clusters visible: 2916
Average clusters visible: 54
Building PAS...
Average clusters audible: 54
visdatasize:1192  compressed from 864
writing c:\users\user\downloads\Wa2.bsp
0 seconds elapsed



Could not find lights.rad in lights.rad.
Trying VRAD BIN directory instead...
Warning: Couldn't open texlight file C:\Program Files (x86)\Steam\steamapps\common\source sdk base 2013 singleplayer\bin\lights.rad.
Loading c:\users\user\downloads\Wa2.bsp
468 faces
960150 square feet [138261632.00 square inches]
0 Displacements
0 Square Feet [0.00 Square Inches]
468 patches before subdivision
26004 patches after subdivision
0 direct lights
0...1...2...3...4...5...6...7...8...9...100...1...2...3...4...5...6...7...8...9...10transfers 33871, max 427
transfer lists:   0.3 megs
0...1...2...3...4...5...6...7...8...9...10	Bounce #1 added RGB(0, 0, 0)
Build Patch/Sample Hash Table(s).....Done<0.0184 sec>
0...1...2...3...4...5...6...7...8...9...10FinalLightFace Done
0 of 0 (0% of) surface lights went in leaf ambient cubes.
0...1...2...3...4...5...6...7...8...9...10Writing leaf ambient...done
Ready to Finish

Object names       Objects/Maxobjs  Memory / Maxmem  Fullness 
------------       ---------------  ---------------  -------- 
models                   1/4096           48/196608   ( 0.0%) 
brushes                  6/32768          72/393216   ( 0.0%) 
brushsides              36/65536         288/524288   ( 0.1%) 
planes                  62/65536        1240/1310720  ( 0.1%) 
vertexes               512/65536        6144/786432   ( 0.8%) 
nodes                  217/65536        6944/2097152  ( 0.3%) 
texinfos                 2/12288         144/884736   ( 0.0%) 
texdata                  2/2048           64/65536    ( 0.1%) 
dispinfos                0/0               0/0        ( 0.0%) 
disp_verts               0/0               0/0        ( 0.0%) 
disp_tris                0/0               0/0        ( 0.0%) 
disp_lmsamples           0/0               0/0        ( 0.0%) 
faces                  468/65536       26208/3670016  ( 0.7%) 
hdr faces              468/65536       26208/3670016  ( 0.7%) 
origfaces                6/65536         336/3670016  ( 0.0%) 
leaves                 219/65536        7008/2097152  ( 0.3%) 
leaffaces              468/65536         936/131072   ( 0.7%) 
leafbrushes            138/65536         276/131072   ( 0.2%) 
areas                    2/1024           16/8192     ( 0.2%) 
surfedges             1946/512000       7784/2048000  ( 0.4%) 
edges                  986/256000       3944/1024000  ( 0.4%) 
LDR worldlights          0/16384           0/1441792  ( 0.0%) 
HDR worldlights          0/16384           0/1441792  ( 0.0%) 
leafwaterdata            0/32768           0/393216   ( 0.0%) 
waterstrips              0/131072          0/1310720  ( 0.0%) 
waterverts               0/131072          0/1572864  ( 0.0%) 
waterindices             0/131072          0/262144   ( 0.0%) 
cubemapsamples           0/1024            0/16384    ( 0.0%) 
overlays                 0/1024            0/360448   ( 0.0%) 
LDR lightdata         [variable]           0/0        ( 0.0%) 
HDR lightdata         [variable]      827904/0        ( 0.0%) 
visdata               [variable]        1192/16777216 ( 0.0%) 
entdata               [variable]         395/393216   ( 0.1%) 
LDR ambient table      219/65536         876/262144   ( 0.3%) 
HDR ambient table      219/65536         876/262144   ( 0.3%) 
LDR leaf ambient       219/65536        6132/1835008  ( 0.3%) 
HDR leaf ambient        54/65536        1512/1835008  ( 0.1%) 
occluders                0/0               0/0        ( 0.0%) 
occluder polygons        0/0               0/0        ( 0.0%) 
occluder vert ind        0/0               0/0        ( 0.0%) 
detail props          [variable]           1/12       ( 8.3%) 
static props          [variable]           1/12       ( 8.3%) 
pakfile               [variable]          54/0        ( 0.0%) 
physics               [variable]        2299/4194304  ( 0.1%) 
physics terrain       [variable]           2/1048576  ( 0.0%) 

Level flags = 2

Total triangle count: 986
Writing c:\users\user\downloads\Wa2.bsp
1 second elapsed



materialPath: C:\Program Files (x86)\Steam\steamapps\sourcemods\experiments\materials
Loading C:\Users\user\Downloads\Wa2.vmf
fixing up env_cubemap materials on brush sides...
0...1...2...3...4...5...6...7...8...9...100...1...2...3...4...5...6...7...8...9...10Processing areas...done (0)
Building Faces...done (0)
FixTjuncs...
PruneNodes...
WriteBSP...
done (0)
writing C:\Users\user\Downloads\Wa2.prt...Building visibility clusters...
done (0)
Finding displacement neighbors...
Finding lightmap sample positions...
Displacement Alpha : 0...1...2...3...4...5...6...7...8...9...10
Building Physics collision data...
done (0) (2299 bytes)
Placing static props...
Placing detail props : 0...1...2...3...4...5...6...7...8...9...10
Compacting texture/material tables...
Reduced 4 texinfos to 2
Reduced 2 texdatas to 2 (40 bytes to 40)
Writing C:\Users\user\Downloads\Wa2.bsp
0 seconds elapsed



8 threads
reading c:\users\user\downloads\Wa2.bsp
reading c:\users\user\downloads\Wa2.prt
  54 portalclusters
  93 numportals
0...1...2...3...4...5...6...7...8...9...100...1...2...3...4...5...6...7...8...9...10Optimized: 0 visible clusters (0.00%)
Total clusters visible: 2916
Average clusters visible: 54
Building PAS...
Average clusters audible: 54
visdatasize:1192  compressed from 864
writing c:\users\user\downloads\Wa2.bsp
0 seconds elapsed



Could not find lights.rad in lights.rad.
Trying VRAD BIN directory instead...
Warning: Couldn't open texlight file C:\Program Files (x86)\Steam\steamapps\common\source sdk base 2013 singleplayer\bin\lights.rad.
Loading c:\users\user\downloads\Wa2.bsp
468 faces
960150 square feet [138261632.00 square inches]
0 Displacements
0 Square Feet [0.00 Square Inches]
468 patches before subdivision
26004 patches after subdivision
0 direct lights
0...1...2...3...4...5...6...7...8...9...100...1...2...3...4...5...6...7...8...9...10transfers 33871, max 427
transfer lists:   0.3 megs
0...1...2...3...4...5...6...7...8...9...10	Bounce #1 added RGB(0, 0, 0)
Build Patch/Sample Hash Table(s).....Done<0.0231 sec>
0...1...2...3...4...5...6...7...8...9...10FinalLightFace Done
0 of 0 (0% of) surface lights went in leaf ambient cubes.
0...1...2...3...4...5...6...7...8...9...10Writing leaf ambient...done
Ready to Finish

Object names       Objects/Maxobjs  Memory / Maxmem  Fullness 
------------       ---------------  ---------------  -------- 
models                   1/4096           48/196608   ( 0.0%) 
brushes                  6/32768          72/393216   ( 0.0%) 
brushsides              36/65536         288/524288   ( 0.1%) 
planes                  62/65536        1240/1310720  ( 0.1%) 
vertexes               512/65536        6144/786432   ( 0.8%) 
nodes                  217/65536        6944/2097152  ( 0.3%) 
texinfos                 2/12288         144/884736   ( 0.0%) 
texdata                  2/2048           64/65536    ( 0.1%) 
dispinfos                0/0               0/0        ( 0.0%) 
disp_verts               0/0               0/0        ( 0.0%) 
disp_tris                0/0               0/0        ( 0.0%) 
disp_lmsamples           0/0               0/0        ( 0.0%) 
faces                  468/65536       26208/3670016  ( 0.7%) 
hdr faces              468/65536       26208/3670016  ( 0.7%) 
origfaces                6/65536         336/3670016  ( 0.0%) 
leaves                 219/65536        7008/2097152  ( 0.3%) 
leaffaces              468/65536         936/131072   ( 0.7%) 
leafbrushes            138/65536         276/131072   ( 0.2%) 
areas                    2/1024           16/8192     ( 0.2%) 
surfedges             1946/512000       7784/2048000  ( 0.4%) 
edges                  986/256000       3944/1024000  ( 0.4%) 
LDR worldlights          0/16384           0/1441792  ( 0.0%) 
HDR worldlights          0/16384           0/1441792  ( 0.0%) 
leafwaterdata            0/32768           0/393216   ( 0.0%) 
waterstrips              0/131072          0/1310720  ( 0.0%) 
waterverts               0/131072          0/1572864  ( 0.0%) 
waterindices             0/131072          0/262144   ( 0.0%) 
cubemapsamples           0/1024            0/16384    ( 0.0%) 
overlays                 0/1024            0/360448   ( 0.0%) 
LDR lightdata         [variable]           0/0        ( 0.0%) 
HDR lightdata         [variable]      827904/0        ( 0.0%) 
visdata               [variable]        1192/16777216 ( 0.0%) 
entdata               [variable]        1313/393216   ( 0.3%) 
LDR ambient table      219/65536         876/262144   ( 0.3%) 
HDR ambient table      219/65536         876/262144   ( 0.3%) 
LDR leaf ambient       219/65536        6132/1835008  ( 0.3%) 
HDR leaf ambient        54/65536        1512/1835008  ( 0.1%) 
occluders                0/0               0/0        ( 0.0%) 
occluder polygons        0/0               0/0        ( 0.0%) 
occluder vert ind        0/0               0/0        ( 0.0%) 
detail props          [variable]           1/12       ( 8.3%) 
static props          [variable]           1/12       ( 8.3%) 
pakfile               [variable]          54/0        ( 0.0%) 
physics               [variable]        2299/4194304  ( 0.1%) 
physics terrain       [variable]           2/1048576  ( 0.0%) 

Level flags = 2

Total triangle count: 986
Writing c:\users\user\downloads\Wa2.bsp
1 second elapsed



materialPath: C:\Program Files (x86)\Steam\steamapps\sourcemods\experiments\materials
Loading C:\Users\user\Downloads\Wa2.vmf
fixing up env_cubemap materials on brush sides...
0...1...2...3...4...5...6...7...8...9...100...1...2...3...4...5...6...7...8...9...10Processing areas...done (0)
Building Faces...done (0)
FixTjuncs...
PruneNodes...
WriteBSP...
done (0)
writing C:\Users\user\Downloads\Wa2.prt...Building visibility clusters...
done (0)
Finding displacement neighbors...
Finding lightmap sample positions...
Displacement Alpha : 0...1...2...3...4...5...6...7...8...9...10
Building Physics collision data...
done (0) (3879 bytes)
Placing static props...
Placing detail props : 0...1...2...3...4...5...6...7...8...9...10
Compacting texture/material tables...
Reduced 7 texinfos to 5
Reduced 3 texdatas to 3 (74 bytes to 74)
Writing C:\Users\user\Downloads\Wa2.bsp
0 seconds elapsed



8 threads
reading c:\users\user\downloads\Wa2.bsp
reading c:\users\user\downloads\Wa2.prt
 105 portalclusters
 209 numportals
0...1...2...3...4...5...6...7...8...9...100...1...2...3...4...5...6...7...8...9...10Optimized: 0 visible clusters (0.00%)
Total clusters visible: 11017
Average clusters visible: 104
Building PAS...
Average clusters audible: 105
visdatasize:3784  compressed from 3360
writing c:\users\user\downloads\Wa2.bsp
0 seconds elapsed



Could not find lights.rad in lights.rad.
Trying VRAD BIN directory instead...
Warning: Couldn't open texlight file C:\Program Files (x86)\Steam\steamapps\common\source sdk base 2013 singleplayer\bin\lights.rad.
Loading c:\users\user\downloads\Wa2.bsp
949 faces
1337133 square feet [192547200.00 square inches]
0 Displacements
0 Square Feet [0.00 Square Inches]
949 patches before subdivision
62665 patches after subdivision
0 direct lights
0...1...2...3...4...5...6...7...8...9...100...1...2...3...4...5...6...7...8...9...10transfers 7499187, max 632
transfer lists:  57.2 megs
0...1...2...3...4...5...6...7...8...9...10	Bounce #1 added RGB(0, 0, 0)
Build Patch/Sample Hash Table(s).....Done<0.0480 sec>
0...1...2...3...4...5...6...7...8...9...10FinalLightFace Done
0 of 0 (0% of) surface lights went in leaf ambient cubes.
0...1...2...3...4...5...6...7...8...9...10Writing leaf ambient...done
Ready to Finish

Object names       Objects/Maxobjs  Memory / Maxmem  Fullness 
------------       ---------------  ---------------  -------- 
models                   1/4096           48/196608   ( 0.0%) 
brushes                 10/32768         120/393216   ( 0.0%) 
brushsides              60/65536         480/524288   ( 0.1%) 
planes                  92/65536        1840/1310720  ( 0.1%) 
vertexes              1142/65536       13704/786432   ( 1.7%) 
nodes                  306/65536        9792/2097152  ( 0.5%) 
texinfos                 5/12288         360/884736   ( 0.0%) 
texdata                  3/2048           96/65536    ( 0.1%) 
dispinfos                0/0               0/0        ( 0.0%) 
disp_verts               0/0               0/0        ( 0.0%) 
disp_tris                0/0               0/0        ( 0.0%) 
disp_lmsamples           0/0               0/0        ( 0.0%) 
faces                  949/65536       53144/3670016  ( 1.4%) 
hdr faces              949/65536       53144/3670016  ( 1.4%) 
origfaces               20/65536        1120/3670016  ( 0.0%) 
leaves                 308/65536        9856/2097152  ( 0.5%) 
leaffaces             1067/65536        2134/131072   ( 1.6%) 
leafbrushes            182/65536         364/131072   ( 0.3%) 
areas                    2/1024           16/8192     ( 0.2%) 
surfedges             4180/512000      16720/2048000  ( 0.8%) 
edges                 2117/256000       8468/1024000  ( 0.8%) 
LDR worldlights          0/16384           0/1441792  ( 0.0%) 
HDR worldlights          0/16384           0/1441792  ( 0.0%) 
leafwaterdata            0/32768           0/393216   ( 0.0%) 
waterstrips             19/131072        190/1310720  ( 0.0%) 
waterverts               0/131072          0/1572864  ( 0.0%) 
waterindices           234/131072        468/262144   ( 0.2%) 
cubemapsamples           0/1024            0/16384    ( 0.0%) 
overlays                 0/1024            0/360448   ( 0.0%) 
LDR lightdata         [variable]           0/0        ( 0.0%) 
HDR lightdata         [variable]     4931888/0        ( 0.0%) 
visdata               [variable]        3784/16777216 ( 0.0%) 
entdata               [variable]        8481/393216   ( 2.2%) 
LDR ambient table      308/65536        1232/262144   ( 0.5%) 
HDR ambient table      308/65536        1232/262144   ( 0.5%) 
LDR leaf ambient       308/65536        8624/1835008  ( 0.5%) 
HDR leaf ambient       105/65536        2940/1835008  ( 0.2%) 
occluders                0/0               0/0        ( 0.0%) 
occluder polygons        0/0               0/0        ( 0.0%) 
occluder vert ind        0/0               0/0        ( 0.0%) 
detail props          [variable]           1/12       ( 8.3%) 
static props          [variable]           1/12       ( 8.3%) 
pakfile               [variable]          54/0        ( 0.0%) 
physics               [variable]        3879/4194304  ( 0.1%) 
physics terrain       [variable]           2/1048576  ( 0.0%) 

Level flags = 2

Total triangle count: 2202
Writing c:\users\user\downloads\Wa2.bsp
5 seconds elapsed
